<?xml version="1.0" encoding="UTF-8"?>
<!-- Generated by org.testng.reporters.JUnitXMLReporter -->
<testsuite ignored="0" hostname="LAPTOP-LE4TBF9R" failures="0" tests="2" name="Test-Runner-chrome" time="0.07" errors="0" timestamp="27 Jul 2023 10:25:35 GMT">
  <testcase classname="Vtiger.BaseClass.BaseClass" name="@BeforeClass bcConfig" time="0.0">
    <failure type="java.lang.NullPointerException" message="Cannot invoke &amp;quot;org.openqa.selenium.WebDriver.manage()&amp;quot; because &amp;quot;driver&amp;quot; is null">
      <![CDATA[java.lang.NullPointerException: Cannot invoke "org.openqa.selenium.WebDriver.manage()" because "driver" is null
at Vtiger.GenericUtility.WebDriverFileUtility.maximeWindow(WebDriverFileUtility.java:34)
at Vtiger.BaseClass.BaseClass.bcConfig(BaseClass.java:66)
... Removed 26 stack frames]]>
    </failure>
  </testcase> <!-- @BeforeClass bcConfig -->
  <testcase classname="Vtiger.BaseClass.BaseClass" name="@BeforeMethod bmConfig" time="0.032">
    <failure type="java.lang.NullPointerException" message="Cannot invoke &amp;quot;org.openqa.selenium.SearchContext.findElement(org.openqa.selenium.By)&amp;quot; because &amp;quot;this.searchContext&amp;quot; is null">
      <![CDATA[java.lang.NullPointerException: Cannot invoke "org.openqa.selenium.SearchContext.findElement(org.openqa.selenium.By)" because "this.searchContext" is null
at org.openqa.selenium.support.pagefactory.DefaultElementLocator.findElement(DefaultElementLocator.java:70)
at org.openqa.selenium.support.pagefactory.internal.LocatingElementHandler.invoke(LocatingElementHandler.java:39)
at jdk.proxy2/jdk.proxy2.$Proxy17.sendKeys(Unknown Source)
at Vtiger.ObjectRepository.LoginPage.loginToApp(LoginPage.java:49)
at Vtiger.BaseClass.BaseClass.bmConfig(BaseClass.java:86)
... Removed 28 stack frames]]>
    </failure>
  </testcase> <!-- @BeforeMethod bmConfig -->
  <testcase classname="Vtiger.BaseClass.BaseClass" name="@BeforeMethod bmConfig" time="0.002">
    <failure type="java.lang.NullPointerException" message="Cannot invoke &amp;quot;org.openqa.selenium.SearchContext.findElement(org.openqa.selenium.By)&amp;quot; because &amp;quot;this.searchContext&amp;quot; is null">
      <![CDATA[java.lang.NullPointerException: Cannot invoke "org.openqa.selenium.SearchContext.findElement(org.openqa.selenium.By)" because "this.searchContext" is null
at org.openqa.selenium.support.pagefactory.DefaultElementLocator.findElement(DefaultElementLocator.java:70)
at org.openqa.selenium.support.pagefactory.internal.LocatingElementHandler.invoke(LocatingElementHandler.java:39)
at jdk.proxy2/jdk.proxy2.$Proxy17.sendKeys(Unknown Source)
at Vtiger.ObjectRepository.LoginPage.loginToApp(LoginPage.java:49)
at Vtiger.BaseClass.BaseClass.bmConfig(BaseClass.java:86)
... Removed 28 stack frames]]>
    </failure>
  </testcase> <!-- @BeforeMethod bmConfig -->
  <testcase classname="Vtiger.BaseClass.BaseClass" name="@AfterClass acConfig" time="0.001">
    <failure type="java.lang.NullPointerException" message="Cannot invoke &amp;quot;org.openqa.selenium.WebDriver.quit()&amp;quot; because &amp;quot;this.driver&amp;quot; is null">
      <![CDATA[java.lang.NullPointerException: Cannot invoke "org.openqa.selenium.WebDriver.quit()" because "this.driver" is null
at Vtiger.BaseClass.BaseClass.acConfig(BaseClass.java:102)
... Removed 26 stack frames]]>
    </failure>
  </testcase> <!-- @AfterClass acConfig -->
  <testcase classname="Vtiger.OrganizationTests.CreateOrgWithIndustryTest" name="CreOrgWithIndTest" time="0.0">
    <skipped/>
  </testcase> <!-- CreOrgWithIndTest -->
  <testcase classname="Vtiger.OrganizationTests.CreateOrgWithIndustryTest" name="demotest" time="0.0">
    <skipped/>
  </testcase> <!-- demotest -->
</testsuite> <!-- Test-Runner-chrome -->
