<?xml version="1.0" encoding="UTF-8"?>
<!-- Generated by org.testng.reporters.JUnitReportReporter -->
<testsuite hostname="LAPTOP-LE4TBF9R" failures="0" tests="1" name="Vtiger.CreateOrganizationWithHelpOfObjectRepository" time="16.782" errors="0" timestamp="2023-07-17T20:17:09 IST" skipped="0">
  <testcase classname="Vtiger.CreateOrganizationWithHelpOfObjectRepository" name="main" time="16.782"/>
  <system-out/>
</testsuite> <!-- Vtiger.CreateOrganizationWithHelpOfObjectRepository -->
