<?xml version="1.0" encoding="UTF-8"?>
<!-- Generated by org.testng.reporters.JUnitReportReporter -->
<testsuite hostname="LAPTOP-LE4TBF9R" failures="0" tests="1" name="Vtiger.ContactsTests.CreateContactwithOrgTest" time="28.240" errors="0" timestamp="27 Jul 2023 13:41:54 GMT" skipped="0">
  <testcase classname="Vtiger.ContactsTests.CreateContactwithOrgTest" name="createContactOrg" time="28.240"/>
</testsuite> <!-- Vtiger.ContactsTests.CreateContactwithOrgTest -->
