<?xml version="1.0" encoding="UTF-8"?>
<!-- Generated by org.testng.reporters.JUnitReportReporter -->
<testsuite hostname="LAPTOP-LE4TBF9R" failures="0" tests="1" name="Vtiger.ReadDataFromcmdLineTest" time="0.012" errors="0" timestamp="01 Aug 2023 14:55:58 GMT" skipped="0">
  <testcase classname="Vtiger.ReadDataFromcmdLineTest" name="readData" time="0.012"/>
</testsuite> <!-- Vtiger.ReadDataFromcmdLineTest -->
