<?xml version="1.0" encoding="UTF-8"?>
<!-- Generated by org.testng.reporters.JUnitReportReporter -->
<testsuite hostname="LAPTOP-LE4TBF9R" failures="0" tests="1" name="Vtiger.ReadDataFromcmdLine" time="0.023" errors="0" timestamp="01 Aug 2023 14:45:27 GMT" skipped="0">
  <testcase classname="Vtiger.ReadDataFromcmdLine" name="readData" time="0.023"/>
</testsuite> <!-- Vtiger.ReadDataFromcmdLine -->
