<?xml version="1.0" encoding="UTF-8"?>
<!-- Generated by org.testng.reporters.JUnitReportReporter -->
<testsuite hostname="LAPTOP-LE4TBF9R" failures="0" tests="1" name="Vtiger.AssertionPractice" time="0.013" errors="0" timestamp="2023-07-21T20:41:34 IST" skipped="0">
  <testcase classname="Vtiger.AssertionPractice" name="sampleTest" time="0.013"/>
  <system-out/>
</testsuite> <!-- Vtiger.AssertionPractice -->
